[0.178s] Invoking command in '/home/xcy/ros2_ws/build/cpp_topic': CMAKE_PREFIX_PATH=${CMAKE_PREFIX_PATH}:/home/xcy/ros2_ws3/install/py_topic:/opt/ros/foxy /usr/bin/cmake --build /home/xcy/ros2_ws/build/cpp_topic -- -j8 -l8
[0.212s] [35m[1mScanning dependencies of target cpp_sub_spiral[0m
[0.229s] [ 50%] Built target cpp_pub_spiral
[0.237s] [ 75%] [32mBuilding CXX object CMakeFiles/cpp_sub_spiral.dir/src/cpp_sub_spiral.cpp.o[0m
[1.614s] [01m[K/home/xcy/ros2_ws/src/cpp_topic/src/cpp_sub_spiral.cpp:[m[K In member function â€˜[01m[Kvoid MinimalSubscriber::topic_callback(onix_backend_messages::msg::SystemConfig_<std::allocator<void> >::SharedPtr)[m[Kâ€™:
[1.614s] [01m[K/home/xcy/ros2_ws/src/cpp_topic/src/cpp_sub_spiral.cpp:27:75:[m[K [01;31m[Kerror: [m[Kno matching function for call to â€˜[01m[Kstof(onix_backend_messages::msg::SystemConfig_<std::allocator<void> >::_controller_temp_type&)[m[Kâ€™
[1.614s]    27 |         status_data_msg_->controller_temp = std::stof(msg->controller_temp[01;31m[K)[m[K;
[1.614s]       |                                                                           [01;31m[K^[m[K
[1.614s] In file included from [01m[K/usr/include/c++/9/string:55[m[K,
[1.614s]                  from [01m[K/usr/include/c++/9/stdexcept:39[m[K,
[1.614s]                  from [01m[K/usr/include/c++/9/array:39[m[K,
[1.614s]                  from [01m[K/usr/include/c++/9/tuple:39[m[K,
[1.614s]                  from [01m[K/usr/include/c++/9/bits/unique_ptr.h:37[m[K,
[1.614s]                  from [01m[K/usr/include/c++/9/memory:80[m[K,
[1.614s]                  from [01m[K/home/xcy/ros2_ws/src/cpp_topic/src/cpp_sub_spiral.cpp:1[m[K:
[1.614s] [01m[K/usr/include/c++/9/bits/basic_string.h:6532:3:[m[K [01;36m[Knote: [m[Kcandidate: â€˜[01m[Kfloat std::__cxx11::stof(const string&, std::size_t*)[m[Kâ€™
[1.614s]  6532 |   [01;36m[Kstof[m[K(const string& __str, size_t* __idx = 0)
[1.614s]       |   [01;36m[K^~~~[m[K
[1.614s] [01m[K/usr/include/c++/9/bits/basic_string.h:6532:22:[m[K [01;36m[Knote: [m[K  no known conversion for argument 1 from â€˜[01m[Konix_backend_messages::msg::SystemConfig_<std::allocator<void> >::_controller_temp_type[m[Kâ€™ {aka â€˜[01m[Kfloat[m[Kâ€™} to â€˜[01m[Kconst string&[m[Kâ€™ {aka â€˜[01m[Kconst std::__cxx11::basic_string<char>&[m[Kâ€™}
[1.615s]  6532 |   stof([01;36m[Kconst string& __str[m[K, size_t* __idx = 0)
[1.615s]       |        [01;36m[K~~~~~~~~~~~~~~^~~~~[m[K
[1.615s] [01m[K/usr/include/c++/9/bits/basic_string.h:6638:3:[m[K [01;36m[Knote: [m[Kcandidate: â€˜[01m[Kfloat std::__cxx11::stof(const wstring&, std::size_t*)[m[Kâ€™
[1.615s]  6638 |   [01;36m[Kstof[m[K(const wstring& __str, size_t* __idx = 0)
[1.615s]       |   [01;36m[K^~~~[m[K
[1.615s] [01m[K/usr/include/c++/9/bits/basic_string.h:6638:23:[m[K [01;36m[Knote: [m[K  no known conversion for argument 1 from â€˜[01m[Konix_backend_messages::msg::SystemConfig_<std::allocator<void> >::_controller_temp_type[m[Kâ€™ {aka â€˜[01m[Kfloat[m[Kâ€™} to â€˜[01m[Kconst wstring&[m[Kâ€™ {aka â€˜[01m[Kconst std::__cxx11::basic_string<wchar_t>&[m[Kâ€™}
[1.615s]  6638 |   stof([01;36m[Kconst wstring& __str[m[K, size_t* __idx = 0)
[1.615s]       |        [01;36m[K~~~~~~~~~~~~~~~^~~~~[m[K
[2.995s] make[2]: *** [CMakeFiles/cpp_sub_spiral.dir/build.make:63: CMakeFiles/cpp_sub_spiral.dir/src/cpp_sub_spiral.cpp.o] Error 1
[2.996s] make[1]: *** [CMakeFiles/Makefile2:80: CMakeFiles/cpp_sub_spiral.dir/all] Error 2
[2.996s] make: *** [Makefile:141: all] Error 2
[3.000s] Invoked command in '/home/xcy/ros2_ws/build/cpp_topic' returned '2': CMAKE_PREFIX_PATH=${CMAKE_PREFIX_PATH}:/home/xcy/ros2_ws3/install/py_topic:/opt/ros/foxy /usr/bin/cmake --build /home/xcy/ros2_ws/build/cpp_topic -- -j8 -l8
