-- Found ament_cmake: 0.9.12 (/opt/ros/foxy/share/ament_cmake/cmake)
-- Using PYTHON_EXECUTABLE: /usr/bin/python3
-- Found rclcpp: 2.4.3 (/opt/ros/foxy/share/rclcpp/cmake)
-- Using all available rosidl_typesupport_c: rosidl_typesupport_fastrtps_c;rosidl_typesupport_introspection_c
-- Found rosidl_adapter: 1.3.1 (/opt/ros/foxy/share/rosidl_adapter/cmake)
-- Using all available rosidl_typesupport_cpp: rosidl_typesupport_fastrtps_cpp;rosidl_typesupport_introspection_cpp
-- Found rmw_implementation_cmake: 1.0.4 (/opt/ros/foxy/share/rmw_implementation_cmake/cmake)
-- Using RMW implementation 'rmw_fastrtps_cpp' as default
-- Found geometry_msgs: 2.0.5 (/opt/ros/foxy/share/geometry_msgs/cmake)
-- Found onix_backend_messages: 1.0.0 (/home/xcy/ros2_ws3/install/onix_backend_messages/share/onix_backend_messages/cmake)
-- Configuring done
-- Generating done
-- Build files have been written to: /home/xcy/ros2_ws/build/cpp_topic
[ 25%] [32mBuilding CXX object CMakeFiles/cpp_sub_spiral.dir/src/cpp_sub_spiral.cpp.o[0m
[ 75%] Built target robot_motion_sub
[01m[K/home/xcy/ros2_ws/src/cpp_topic/src/cpp_sub_spiral.cpp:109:51:[m[K [01;31m[Kerror: [m[Kâ€˜[01m[KStatusData[m[Kâ€™ is not a member of â€˜[01m[Konix_backend_messages::msg[m[Kâ€™
  109 |     rclcpp::Publisher<onix_backend_messages::msg::[01;31m[KStatusData[m[K>::SharedPtr publisher_;
      |                                                   [01;31m[K^~~~~~~~~~[m[K
[01m[K/home/xcy/ros2_ws/src/cpp_topic/src/cpp_sub_spiral.cpp:109:61:[m[K [01;31m[Kerror: [m[Ktemplate argument 1 is invalid
  109 |     rclcpp::Publisher<onix_backend_messages::msg::StatusData[01;31m[K>[m[K::SharedPtr publisher_;
      |                                                             [01;31m[K^[m[K
[01m[K/home/xcy/ros2_ws/src/cpp_topic/src/cpp_sub_spiral.cpp:109:64:[m[K [01;31m[Kerror: [m[Kexpected â€˜[01m[K;[m[Kâ€™ at end of member declaration
  109 |     rclcpp::Publisher<onix_backend_messages::msg::StatusData>::[01;31m[KSharedPtr[m[K publisher_;
      |                                                                [01;31m[K^~~~~~~~~[m[K
      |                                                                         [32m[K;[m[K
[01m[K/home/xcy/ros2_ws/src/cpp_topic/src/cpp_sub_spiral.cpp:109:74:[m[K [01;31m[Kerror: [m[Kâ€˜[01m[Kpublisher_[m[Kâ€™ does not name a type; did you mean â€˜[01m[Krcl_publisher_t[m[Kâ€™?
  109 |     rclcpp::Publisher<onix_backend_messages::msg::StatusData>::SharedPtr [01;31m[Kpublisher_[m[K;
      |                                                                          [01;31m[K^~~~~~~~~~[m[K
      |                                                                          [32m[Krcl_publisher_t[m[K
[01m[K/home/xcy/ros2_ws/src/cpp_topic/src/cpp_sub_spiral.cpp:[m[K In constructor â€˜[01m[KCombinedSubscriber::CombinedSubscriber()[m[Kâ€™:
[01m[K/home/xcy/ros2_ws/src/cpp_topic/src/cpp_sub_spiral.cpp:39:9:[m[K [01;31m[Kerror: [m[Kâ€˜[01m[Kpublisher_[m[Kâ€™ was not declared in this scope; did you mean â€˜[01m[Krcl_publisher_t[m[Kâ€™?
   39 |         [01;31m[Kpublisher_[m[K = this->create_publisher<onix_backend_messages::msg::StatusData>("status_data", 10);
      |         [01;31m[K^~~~~~~~~~[m[K
      |         [32m[Krcl_publisher_t[m[K
[01m[K/home/xcy/ros2_ws/src/cpp_topic/src/cpp_sub_spiral.cpp:39:73:[m[K [01;31m[Kerror: [m[Kâ€˜[01m[KStatusData[m[Kâ€™ is not a member of â€˜[01m[Konix_backend_messages::msg[m[Kâ€™
   39 |         publisher_ = this->create_publisher<onix_backend_messages::msg::[01;31m[KStatusData[m[K>("status_data", 10);
      |                                                                         [01;31m[K^~~~~~~~~~[m[K
[01m[K/home/xcy/ros2_ws/src/cpp_topic/src/cpp_sub_spiral.cpp:39:102:[m[K [01;31m[Kerror: [m[Kno matching function for call to â€˜[01m[KCombinedSubscriber::create_publisher<<expression error> >(const char [12], int)[m[Kâ€™
   39 |         publisher_ = this->create_publisher<onix_backend_messages::msg::StatusData>("status_data", 10[01;31m[K)[m[K;
      |                                                                                                      [01;31m[K^[m[K
In file included from [01m[K/opt/ros/foxy/include/rclcpp/executors/single_threaded_executor.hpp:28[m[K,
                 from [01m[K/opt/ros/foxy/include/rclcpp/executors.hpp:22[m[K,
                 from [01m[K/opt/ros/foxy/include/rclcpp/rclcpp.hpp:146[m[K,
                 from [01m[K/home/xcy/ros2_ws/src/cpp_topic/src/cpp_sub_spiral.cpp:3[m[K:
[01m[K/opt/ros/foxy/include/rclcpp/node.hpp:184:3:[m[K [01;36m[Knote: [m[Kcandidate: â€˜[01m[Ktemplate<class MessageT, class AllocatorT, class PublisherT> std::shared_ptr<PublisherT> rclcpp::Node::create_publisher(const string&, const rclcpp::QoS&, const rclcpp::PublisherOptionsWithAllocator<AllocatorT>&)[m[Kâ€™
  184 |   [01;36m[Kcreate_publisher[m[K(
      |   [01;36m[K^~~~~~~~~~~~~~~~[m[K
[01m[K/opt/ros/foxy/include/rclcpp/node.hpp:184:3:[m[K [01;36m[Knote: [m[K  template argument deduction/substitution failed:
[01m[K/home/xcy/ros2_ws/src/cpp_topic/src/cpp_sub_spiral.cpp:39:102:[m[K [01;31m[Kerror: [m[Ktemplate argument 1 is invalid
   39 |         publisher_ = this->create_publisher<onix_backend_messages::msg::StatusData>("status_data", 10[01;31m[K)[m[K;
      |                                                                                                      [01;31m[K^[m[K
[01m[K/home/xcy/ros2_ws/src/cpp_topic/src/cpp_sub_spiral.cpp:[m[K In member function â€˜[01m[Kvoid CombinedSubscriber::timer_callback()[m[Kâ€™:
[01m[K/home/xcy/ros2_ws/src/cpp_topic/src/cpp_sub_spiral.cpp:79:37:[m[K [01;31m[Kerror: [m[Kâ€˜[01m[KStatusData[m[Kâ€™ is not a member of â€˜[01m[Konix_backend_messages::msg[m[Kâ€™
   79 |         onix_backend_messages::msg::[01;31m[KStatusData[m[K status_data_msg;
      |                                     [01;31m[K^~~~~~~~~~[m[K
[01m[K/home/xcy/ros2_ws/src/cpp_topic/src/cpp_sub_spiral.cpp:80:9:[m[K [01;31m[Kerror: [m[Kâ€˜[01m[Kstatus_data_msg[m[Kâ€™ was not declared in this scope
   80 |         [01;31m[Kstatus_data_msg[m[K.mac_address = g_combined_data.mac_address;
      |         [01;31m[K^~~~~~~~~~~~~~~[m[K
[01m[K/home/xcy/ros2_ws/src/cpp_topic/src/cpp_sub_spiral.cpp:92:9:[m[K [01;31m[Kerror: [m[Kâ€˜[01m[Kpublisher_[m[Kâ€™ was not declared in this scope; did you mean â€˜[01m[Krcl_publisher_t[m[Kâ€™?
   92 |         [01;31m[Kpublisher_[m[K->publish(status_data_msg);
      |         [01;31m[K^~~~~~~~~~[m[K
      |         [32m[Krcl_publisher_t[m[K
make[2]: *** [CMakeFiles/cpp_sub_spiral.dir/build.make:63: CMakeFiles/cpp_sub_spiral.dir/src/cpp_sub_spiral.cpp.o] Error 1
make[1]: *** [CMakeFiles/Makefile2:107: CMakeFiles/cpp_sub_spiral.dir/all] Error 2
make: *** [Makefile:141: all] Error 2
