[0.188s] Invoking command in '/home/xcy/ros2_ws/build/cpp_topic': CMAKE_PREFIX_PATH=${CMAKE_PREFIX_PATH}:/home/xcy/ros2_ws3/install/py_topic:/opt/ros/foxy /usr/bin/cmake --build /home/xcy/ros2_ws/build/cpp_topic -- -j8 -l8
[0.209s] -- Found ament_cmake: 0.9.12 (/opt/ros/foxy/share/ament_cmake/cmake)
[0.231s] -- Using PYTHON_EXECUTABLE: /usr/bin/python3
[0.382s] -- Override CMake install command with custom implementation using symlinks instead of copying resources
[0.388s] -- Found rclcpp: 2.4.3 (/opt/ros/foxy/share/rclcpp/cmake)
[0.417s] -- Using all available rosidl_typesupport_c: rosidl_typesupport_fastrtps_c;rosidl_typesupport_introspection_c
[0.420s] -- Found rosidl_adapter: 1.3.1 (/opt/ros/foxy/share/rosidl_adapter/cmake)
[0.512s] -- Using all available rosidl_typesupport_cpp: rosidl_typesupport_fastrtps_cpp;rosidl_typesupport_introspection_cpp
[0.555s] -- Found rmw_implementation_cmake: 1.0.4 (/opt/ros/foxy/share/rmw_implementation_cmake/cmake)
[0.557s] -- Using RMW implementation 'rmw_fastrtps_cpp' as default
[0.692s] -- Found geometry_msgs: 2.0.5 (/opt/ros/foxy/share/geometry_msgs/cmake)
[0.724s] -- Found onix_backend_messages: 1.0.0 (/home/xcy/ros2_ws3/install/onix_backend_messages/share/onix_backend_messages/cmake)
[0.786s] -- Configuring done
[0.793s] -- Generating done
[0.794s] -- Build files have been written to: /home/xcy/ros2_ws/build/cpp_topic
[0.818s] [35m[1mScanning dependencies of target cpp_sub_spiral[0m
[0.843s] [ 50%] [32mBuilding CXX object CMakeFiles/cpp_sub_spiral.dir/src/cpp_sub_spiral.cpp.o[0m
[2.137s] [01m[K/home/xcy/ros2_ws/src/cpp_topic/src/cpp_sub_spiral.cpp:43:11:[m[K [01;31m[Kerror: [m[Kexpected â€˜[01m[K;[m[Kâ€™ at end of member declaration
[2.137s]    43 |     float [01;31m[Kodom_controller_temp[m[K
[2.137s]       |           [01;31m[K^~~~~~~~~~~~~~~~~~~~[m[K
[2.137s]       |                               [32m[K;[m[K
[2.137s] [01m[K/home/xcy/ros2_ws/src/cpp_topic/src/cpp_sub_spiral.cpp:44:11:[m[K [01;31m[Kerror: [m[Kexpected â€˜[01m[K;[m[Kâ€™ at end of member declaration
[2.137s]    44 |     float [01;31m[Kodom_controller_voltage[m[K
[2.137s]       |           [01;31m[K^~~~~~~~~~~~~~~~~~~~~~~[m[K
[2.137s]       |                                  [32m[K;[m[K
[2.200s] [01m[K/home/xcy/ros2_ws/src/cpp_topic/src/cpp_sub_spiral.cpp:[m[K In member function â€˜[01m[Kvoid CombinedSubscriber::motion_callback(onix_backend_messages::msg::MotionInformations_<std::allocator<void> >::SharedPtr)[m[Kâ€™:
[2.200s] [01m[K/home/xcy/ros2_ws/src/cpp_topic/src/cpp_sub_spiral.cpp:122:73:[m[K [01;31m[Kerror: [m[Kexpected â€˜[01m[K;[m[Kâ€™ before â€˜[01m[Kg_combined_data[m[Kâ€™
[2.200s]   122 |         g_combined_data.odom_controller_temp = msg->odom_controller_temp
[2.200s]       |                                                                         [01;31m[K^[m[K
[2.200s]       |                                                                         [32m[K;[m[K
[2.201s]   123 |         [32m[Kg_combined_data[m[K.odom_controller_voltage = msg->odom_controller_voltage
[2.201s]       |         [32m[K~~~~~~~~~~~~~~~[m[K                                                  
[2.207s] [01m[K/home/xcy/ros2_ws/src/cpp_topic/src/cpp_sub_spiral.cpp:[m[K In member function â€˜[01m[Kvoid CombinedSubscriber::timer_callback()[m[Kâ€™:
[2.207s] [01m[K/home/xcy/ros2_ws/src/cpp_topic/src/cpp_sub_spiral.cpp:186:75:[m[K [01;31m[Kerror: [m[Kexpected â€˜[01m[K;[m[Kâ€™ before â€˜[01m[K,[m[Kâ€™ token
[2.207s]   186 |                 g_combined_data.odom_time, g_combined_data.total_run_time)[01;31m[K,[m[K
[2.207s]       |                                                                           [01;31m[K^[m[K
[2.208s] [01m[K/home/xcy/ros2_ws/src/cpp_topic/src/cpp_sub_spiral.cpp:186:75:[m[K [01;31m[Kerror: [m[Kexpected primary-expression before â€˜[01m[K,[m[Kâ€™ token
[4.851s] make[2]: *** [CMakeFiles/cpp_sub_spiral.dir/build.make:63: CMakeFiles/cpp_sub_spiral.dir/src/cpp_sub_spiral.cpp.o] Error 1
[4.851s] make[1]: *** [CMakeFiles/Makefile2:78: CMakeFiles/cpp_sub_spiral.dir/all] Error 2
[4.851s] make: *** [Makefile:141: all] Error 2
[4.854s] Invoked command in '/home/xcy/ros2_ws/build/cpp_topic' returned '2': CMAKE_PREFIX_PATH=${CMAKE_PREFIX_PATH}:/home/xcy/ros2_ws3/install/py_topic:/opt/ros/foxy /usr/bin/cmake --build /home/xcy/ros2_ws/build/cpp_topic -- -j8 -l8
