[0.194s] Invoking command in '/home/xcy/ros2_ws/build/cpp_topic': CMAKE_PREFIX_PATH=${CMAKE_PREFIX_PATH}:/home/xcy/ros2_ws3/install/py_topic:/opt/ros/foxy /usr/bin/cmake --build /home/xcy/ros2_ws/build/cpp_topic -- -j8 -l8
[0.232s] [35m[1mScanning dependencies of target cpp_sub_spiral[0m
[0.248s] [ 33%] Built target robot_motion_sub
[0.249s] [ 50%] [32mBuilding CXX object CMakeFiles/cpp_pub_spiral.dir/src/cpp_pub_spiral.cpp.o[0m
[0.265s] [ 66%] [32mBuilding CXX object CMakeFiles/cpp_sub_spiral.dir/src/cpp_sub_spiral.cpp.o[0m
[0.372s] [01m[K/home/xcy/ros2_ws/src/cpp_topic/src/cpp_pub_spiral.cpp:5:10:[m[K [01;31m[Kfatal error: [m[Kcpp_sub_spiral/CombinedData: No such file or directory
[0.372s]     5 | #include [01;31m[K"cpp_sub_spiral/CombinedData"[m[K
[0.372s]       |          [01;31m[K^~~~~~~~~~~~~~~~~~~~~~~~~~~~~[m[K
[0.372s] compilation terminated.
[0.374s] make[2]: *** [CMakeFiles/cpp_pub_spiral.dir/build.make:63: CMakeFiles/cpp_pub_spiral.dir/src/cpp_pub_spiral.cpp.o] Error 1
[0.375s] make[1]: *** [CMakeFiles/Makefile2:136: CMakeFiles/cpp_pub_spiral.dir/all] Error 2
[0.375s] make[1]: *** Waiting for unfinished jobs....
[1.790s] [01m[K/home/xcy/ros2_ws/src/cpp_topic/src/cpp_sub_spiral.cpp:109:51:[m[K [01;31m[Kerror: [m[Kâ€˜[01m[KStatusData[m[Kâ€™ is not a member of â€˜[01m[Konix_backend_messages::msg[m[Kâ€™
[1.790s]   109 |     rclcpp::Publisher<onix_backend_messages::msg::[01;31m[KStatusData[m[K>::SharedPtr publisher_;
[1.790s]       |                                                   [01;31m[K^~~~~~~~~~[m[K
[1.790s] [01m[K/home/xcy/ros2_ws/src/cpp_topic/src/cpp_sub_spiral.cpp:109:61:[m[K [01;31m[Kerror: [m[Ktemplate argument 1 is invalid
[1.790s]   109 |     rclcpp::Publisher<onix_backend_messages::msg::StatusData[01;31m[K>[m[K::SharedPtr publisher_;
[1.790s]       |                                                             [01;31m[K^[m[K
[1.791s] [01m[K/home/xcy/ros2_ws/src/cpp_topic/src/cpp_sub_spiral.cpp:109:64:[m[K [01;31m[Kerror: [m[Kexpected â€˜[01m[K;[m[Kâ€™ at end of member declaration
[1.791s]   109 |     rclcpp::Publisher<onix_backend_messages::msg::StatusData>::[01;31m[KSharedPtr[m[K publisher_;
[1.791s]       |                                                                [01;31m[K^~~~~~~~~[m[K
[1.791s]       |                                                                         [32m[K;[m[K
[1.792s] [01m[K/home/xcy/ros2_ws/src/cpp_topic/src/cpp_sub_spiral.cpp:109:74:[m[K [01;31m[Kerror: [m[Kâ€˜[01m[Kpublisher_[m[Kâ€™ does not name a type; did you mean â€˜[01m[Krcl_publisher_t[m[Kâ€™?
[1.792s]   109 |     rclcpp::Publisher<onix_backend_messages::msg::StatusData>::SharedPtr [01;31m[Kpublisher_[m[K;
[1.792s]       |                                                                          [01;31m[K^~~~~~~~~~[m[K
[1.792s]       |                                                                          [32m[Krcl_publisher_t[m[K
[1.809s] [01m[K/home/xcy/ros2_ws/src/cpp_topic/src/cpp_sub_spiral.cpp:[m[K In constructor â€˜[01m[KCombinedSubscriber::CombinedSubscriber()[m[Kâ€™:
[1.809s] [01m[K/home/xcy/ros2_ws/src/cpp_topic/src/cpp_sub_spiral.cpp:39:9:[m[K [01;31m[Kerror: [m[Kâ€˜[01m[Kpublisher_[m[Kâ€™ was not declared in this scope; did you mean â€˜[01m[Krcl_publisher_t[m[Kâ€™?
[1.809s]    39 |         [01;31m[Kpublisher_[m[K = this->create_publisher<onix_backend_messages::msg::StatusData>("status_data", 10);
[1.809s]       |         [01;31m[K^~~~~~~~~~[m[K
[1.809s]       |         [32m[Krcl_publisher_t[m[K
[1.809s] [01m[K/home/xcy/ros2_ws/src/cpp_topic/src/cpp_sub_spiral.cpp:39:73:[m[K [01;31m[Kerror: [m[Kâ€˜[01m[KStatusData[m[Kâ€™ is not a member of â€˜[01m[Konix_backend_messages::msg[m[Kâ€™
[1.810s]    39 |         publisher_ = this->create_publisher<onix_backend_messages::msg::[01;31m[KStatusData[m[K>("status_data", 10);
[1.810s]       |                                                                         [01;31m[K^~~~~~~~~~[m[K
[1.810s] [01m[K/home/xcy/ros2_ws/src/cpp_topic/src/cpp_sub_spiral.cpp:39:102:[m[K [01;31m[Kerror: [m[Kno matching function for call to â€˜[01m[KCombinedSubscriber::create_publisher<<expression error> >(const char [12], int)[m[Kâ€™
[1.810s]    39 |         publisher_ = this->create_publisher<onix_backend_messages::msg::StatusData>("status_data", 10[01;31m[K)[m[K;
[1.810s]       |                                                                                                      [01;31m[K^[m[K
[1.810s] In file included from [01m[K/opt/ros/foxy/include/rclcpp/executors/single_threaded_executor.hpp:28[m[K,
[1.810s]                  from [01m[K/opt/ros/foxy/include/rclcpp/executors.hpp:22[m[K,
[1.810s]                  from [01m[K/opt/ros/foxy/include/rclcpp/rclcpp.hpp:146[m[K,
[1.810s]                  from [01m[K/home/xcy/ros2_ws/src/cpp_topic/src/cpp_sub_spiral.cpp:3[m[K:
[1.811s] [01m[K/opt/ros/foxy/include/rclcpp/node.hpp:184:3:[m[K [01;36m[Knote: [m[Kcandidate: â€˜[01m[Ktemplate<class MessageT, class AllocatorT, class PublisherT> std::shared_ptr<PublisherT> rclcpp::Node::create_publisher(const string&, const rclcpp::QoS&, const rclcpp::PublisherOptionsWithAllocator<AllocatorT>&)[m[Kâ€™
[1.811s]   184 |   [01;36m[Kcreate_publisher[m[K(
[1.811s]       |   [01;36m[K^~~~~~~~~~~~~~~~[m[K
[1.811s] [01m[K/opt/ros/foxy/include/rclcpp/node.hpp:184:3:[m[K [01;36m[Knote: [m[K  template argument deduction/substitution failed:
[1.811s] [01m[K/home/xcy/ros2_ws/src/cpp_topic/src/cpp_sub_spiral.cpp:39:102:[m[K [01;31m[Kerror: [m[Ktemplate argument 1 is invalid
[1.811s]    39 |         publisher_ = this->create_publisher<onix_backend_messages::msg::StatusData>("status_data", 10[01;31m[K)[m[K;
[1.811s]       |                                                                                                      [01;31m[K^[m[K
[1.825s] [01m[K/home/xcy/ros2_ws/src/cpp_topic/src/cpp_sub_spiral.cpp:[m[K In member function â€˜[01m[Kvoid CombinedSubscriber::timer_callback()[m[Kâ€™:
[1.826s] [01m[K/home/xcy/ros2_ws/src/cpp_topic/src/cpp_sub_spiral.cpp:79:37:[m[K [01;31m[Kerror: [m[Kâ€˜[01m[KStatusData[m[Kâ€™ is not a member of â€˜[01m[Konix_backend_messages::msg[m[Kâ€™
[1.826s]    79 |         onix_backend_messages::msg::[01;31m[KStatusData[m[K status_data_msg;
[1.826s]       |                                     [01;31m[K^~~~~~~~~~[m[K
[1.828s] [01m[K/home/xcy/ros2_ws/src/cpp_topic/src/cpp_sub_spiral.cpp:80:9:[m[K [01;31m[Kerror: [m[Kâ€˜[01m[Kstatus_data_msg[m[Kâ€™ was not declared in this scope
[1.828s]    80 |         [01;31m[Kstatus_data_msg[m[K.mac_address = g_combined_data.mac_address;
[1.828s]       |         [01;31m[K^~~~~~~~~~~~~~~[m[K
[1.830s] [01m[K/home/xcy/ros2_ws/src/cpp_topic/src/cpp_sub_spiral.cpp:92:9:[m[K [01;31m[Kerror: [m[Kâ€˜[01m[Kpublisher_[m[Kâ€™ was not declared in this scope; did you mean â€˜[01m[Krcl_publisher_t[m[Kâ€™?
[1.830s]    92 |         [01;31m[Kpublisher_[m[K->publish(status_data_msg);
[1.831s]       |         [01;31m[K^~~~~~~~~~[m[K
[1.831s]       |         [32m[Krcl_publisher_t[m[K
[4.201s] make[2]: *** [CMakeFiles/cpp_sub_spiral.dir/build.make:63: CMakeFiles/cpp_sub_spiral.dir/src/cpp_sub_spiral.cpp.o] Error 1
[4.201s] make[1]: *** [CMakeFiles/Makefile2:109: CMakeFiles/cpp_sub_spiral.dir/all] Error 2
[4.201s] make: *** [Makefile:141: all] Error 2
[4.203s] Invoked command in '/home/xcy/ros2_ws/build/cpp_topic' returned '2': CMAKE_PREFIX_PATH=${CMAKE_PREFIX_PATH}:/home/xcy/ros2_ws3/install/py_topic:/opt/ros/foxy /usr/bin/cmake --build /home/xcy/ros2_ws/build/cpp_topic -- -j8 -l8
