[0.177s] Invoking command in '/home/xcy/ros2_ws/build/cpp_topic': CMAKE_PREFIX_PATH=${CMAKE_PREFIX_PATH}:/home/xcy/ros2_ws3/install/py_topic:/opt/ros/foxy /usr/bin/cmake --build /home/xcy/ros2_ws/build/cpp_topic -- -j8 -l8
[0.221s] [ 50%] [32mBuilding CXX object CMakeFiles/cpp_sub_spiral.dir/src/cpp_sub_spiral.cpp.o[0m
[1.472s] [01m[K/home/xcy/ros2_ws/src/cpp_topic/src/cpp_sub_spiral.cpp:42:11:[m[K [01;31m[Kerror: [m[Kredeclaration of â€˜[01m[Kfloat CombinedData::total_time[m[Kâ€™
[1.472s]    42 |     float [01;31m[Ktotal_time[m[K;
[1.472s]       |           [01;31m[K^~~~~~~~~~[m[K
[1.472s] [01m[K/home/xcy/ros2_ws/src/cpp_topic/src/cpp_sub_spiral.cpp:16:13:[m[K [01;36m[Knote: [m[Kprevious declaration â€˜[01m[Kint64_t CombinedData::total_time[m[Kâ€™
[1.472s]    16 |     int64_t [01;36m[Ktotal_time[m[K;
[1.472s]       |             [01;36m[K^~~~~~~~~~[m[K
[1.536s] [01m[K/home/xcy/ros2_ws/src/cpp_topic/src/cpp_sub_spiral.cpp:[m[K In member function â€˜[01m[Kvoid CombinedSubscriber::timer_callback()[m[Kâ€™:
[1.536s] [01m[K/home/xcy/ros2_ws/src/cpp_topic/src/cpp_sub_spiral.cpp:145:25:[m[K [01;31m[Kerror: [m[Kâ€˜[01m[Kusing StatusData = struct onix_backend_messages::msg::StatusData_<std::allocator<void> >[m[Kâ€™ {aka â€˜[01m[Kstruct onix_backend_messages::msg::StatusData_<std::allocator<void> >[m[Kâ€™} has no member named â€˜[01m[Ksteer[m[Kâ€™; did you mean â€˜[01m[Kr_steer[m[Kâ€™?
[1.536s]   145 |         status_data_msg.[01;31m[Ksteer[m[K = g_combined_data.steer;
[1.536s]       |                         [01;31m[K^~~~~[m[K
[1.536s]       |                         [32m[Kr_steer[m[K
[1.536s] [01m[K/home/xcy/ros2_ws/src/cpp_topic/src/cpp_sub_spiral.cpp:152:25:[m[K [01;31m[Kerror: [m[Kâ€˜[01m[Kusing StatusData = struct onix_backend_messages::msg::StatusData_<std::allocator<void> >[m[Kâ€™ {aka â€˜[01m[Kstruct onix_backend_messages::msg::StatusData_<std::allocator<void> >[m[Kâ€™} has no member named â€˜[01m[Ksteer_angles[m[Kâ€™; did you mean â€˜[01m[Ksteer_angle[m[Kâ€™?
[1.537s]   152 |         status_data_msg.[01;31m[Ksteer_angles[m[K = g_combined_data.steer_angles;
[1.537s]       |                         [01;31m[K^~~~~~~~~~~~[m[K
[1.537s]       |                         [32m[Ksteer_angle[m[K
[1.537s] [01m[K/home/xcy/ros2_ws/src/cpp_topic/src/cpp_sub_spiral.cpp:153:25:[m[K [01;31m[Kerror: [m[Kâ€˜[01m[Kusing StatusData = struct onix_backend_messages::msg::StatusData_<std::allocator<void> >[m[Kâ€™ {aka â€˜[01m[Kstruct onix_backend_messages::msg::StatusData_<std::allocator<void> >[m[Kâ€™} has no member named â€˜[01m[Kr_steer_angles[m[Kâ€™; did you mean â€˜[01m[Kr_steer_angle[m[Kâ€™?
[1.537s]   153 |         status_data_msg.[01;31m[Kr_steer_angles[m[K = g_combined_data.r_steer_angles;
[1.537s]       |                         [01;31m[K^~~~~~~~~~~~~~[m[K
[1.537s]       |                         [32m[Kr_steer_angle[m[K
[1.537s] [01m[K/home/xcy/ros2_ws/src/cpp_topic/src/cpp_sub_spiral.cpp:156:25:[m[K [01;31m[Kerror: [m[Kâ€˜[01m[Kusing StatusData = struct onix_backend_messages::msg::StatusData_<std::allocator<void> >[m[Kâ€™ {aka â€˜[01m[Kstruct onix_backend_messages::msg::StatusData_<std::allocator<void> >[m[Kâ€™} has no member named â€˜[01m[Ktoday_odo[m[Kâ€™; did you mean â€˜[01m[Ktodays_odo[m[Kâ€™?
[1.537s]   156 |         status_data_msg.[01;31m[Ktoday_odo[m[K = g_combined_data.today_odo;
[1.538s]       |                         [01;31m[K^~~~~~~~~[m[K
[1.538s]       |                         [32m[Ktodays_odo[m[K
[1.538s] [01m[K/home/xcy/ros2_ws/src/cpp_topic/src/cpp_sub_spiral.cpp:157:25:[m[K [01;31m[Kerror: [m[Kâ€˜[01m[Kusing StatusData = struct onix_backend_messages::msg::StatusData_<std::allocator<void> >[m[Kâ€™ {aka â€˜[01m[Kstruct onix_backend_messages::msg::StatusData_<std::allocator<void> >[m[Kâ€™} has no member named â€˜[01m[Kodom_time[m[Kâ€™
[1.538s]   157 |         status_data_msg.[01;31m[Kodom_time[m[K = g_combined_data.odom_time;
[1.538s]       |                         [01;31m[K^~~~~~~~~[m[K
[4.193s] make[2]: *** [CMakeFiles/cpp_sub_spiral.dir/build.make:63: CMakeFiles/cpp_sub_spiral.dir/src/cpp_sub_spiral.cpp.o] Error 1
[4.193s] make[1]: *** [CMakeFiles/Makefile2:78: CMakeFiles/cpp_sub_spiral.dir/all] Error 2
[4.193s] make: *** [Makefile:141: all] Error 2
[4.195s] Invoked command in '/home/xcy/ros2_ws/build/cpp_topic' returned '2': CMAKE_PREFIX_PATH=${CMAKE_PREFIX_PATH}:/home/xcy/ros2_ws3/install/py_topic:/opt/ros/foxy /usr/bin/cmake --build /home/xcy/ros2_ws/build/cpp_topic -- -j8 -l8
