[0.185s] Invoking command in '/home/xcy/ros2_ws/build/cpp_topic': CMAKE_PREFIX_PATH=${CMAKE_PREFIX_PATH}:/home/xcy/ros2_ws3/install/py_topic:/opt/ros/foxy /usr/bin/cmake --build /home/xcy/ros2_ws/build/cpp_topic -- -j8 -l8
[0.205s] -- Found ament_cmake: 0.9.12 (/opt/ros/foxy/share/ament_cmake/cmake)
[0.223s] -- Using PYTHON_EXECUTABLE: /usr/bin/python3
[0.370s] -- Found rclcpp: 2.4.3 (/opt/ros/foxy/share/rclcpp/cmake)
[0.396s] -- Using all available rosidl_typesupport_c: rosidl_typesupport_fastrtps_c;rosidl_typesupport_introspection_c
[0.399s] -- Found rosidl_adapter: 1.3.1 (/opt/ros/foxy/share/rosidl_adapter/cmake)
[0.487s] -- Using all available rosidl_typesupport_cpp: rosidl_typesupport_fastrtps_cpp;rosidl_typesupport_introspection_cpp
[0.530s] -- Found rmw_implementation_cmake: 1.0.4 (/opt/ros/foxy/share/rmw_implementation_cmake/cmake)
[0.532s] -- Using RMW implementation 'rmw_fastrtps_cpp' as default
[0.661s] -- Found geometry_msgs: 2.0.5 (/opt/ros/foxy/share/geometry_msgs/cmake)
[0.690s] -- Found onix_backend_messages: 1.0.0 (/home/xcy/ros2_ws3/install/onix_backend_messages/share/onix_backend_messages/cmake)
[0.748s] -- Configuring done
[0.757s] -- Generating done
[0.759s] -- Build files have been written to: /home/xcy/ros2_ws/build/cpp_topic
[0.783s] [35m[1mScanning dependencies of target cpp_sub_spiral[0m
[0.803s] [ 50%] Built target cpp_pub_spiral
[0.808s] [ 75%] [32mBuilding CXX object CMakeFiles/cpp_sub_spiral.dir/src/cpp_sub_spiral.cpp.o[0m
[2.204s] [01m[K/home/xcy/ros2_ws/src/cpp_topic/src/cpp_sub_spiral.cpp:47:21:[m[K [01;31m[Kerror: [m[Kâ€˜[01m[Kyour_package_name[m[Kâ€™ was not declared in this scope
[2.204s]    47 |     std::shared_ptr<[01;31m[Kyour_package_name[m[K::msg::StatusData> status_data_msg_;
[2.204s]       |                     [01;31m[K^~~~~~~~~~~~~~~~~[m[K
[2.204s] [01m[K/home/xcy/ros2_ws/src/cpp_topic/src/cpp_sub_spiral.cpp:47:55:[m[K [01;31m[Kerror: [m[Ktemplate argument 1 is invalid
[2.204s]    47 |     std::shared_ptr<your_package_name::msg::StatusData[01;31m[K>[m[K status_data_msg_;
[2.204s]       |                                                       [01;31m[K^[m[K
[2.214s] [01m[K/home/xcy/ros2_ws/src/cpp_topic/src/cpp_sub_spiral.cpp:[m[K In constructor â€˜[01m[KMinimalSubscriber::MinimalSubscriber()[m[Kâ€™:
[2.214s] [01m[K/home/xcy/ros2_ws/src/cpp_topic/src/cpp_sub_spiral.cpp:16:67:[m[K [01;31m[Kerror: [m[Kno matching function for call to â€˜[01m[Kstd::chrono::duration<long int>::duration(double)[m[Kâ€™
[2.214s]    16 |         timer_ = this->create_wall_timer(std::chrono::seconds(0.33[01;31m[K)[m[K, std::bind(&MinimalSubscriber::timer_callback, this));
[2.214s]       |                                                                   [01;31m[K^[m[K
[2.214s] In file included from [01m[K/usr/include/c++/9/mutex:39[m[K,
[2.214s]                  from [01m[K/usr/include/c++/9/future:38[m[K,
[2.214s]                  from [01m[K/opt/ros/foxy/include/rclcpp/executors.hpp:18[m[K,
[2.214s]                  from [01m[K/opt/ros/foxy/include/rclcpp/rclcpp.hpp:146[m[K,
[2.214s]                  from [01m[K/home/xcy/ros2_ws/src/cpp_topic/src/cpp_sub_spiral.cpp:2[m[K:
[2.214s] [01m[K/usr/include/c++/9/chrono:338:14:[m[K [01;36m[Knote: [m[Kcandidate: â€˜[01m[Ktemplate<class _Rep2, class _Period2, class> constexpr std::chrono::duration<_Rep, _Period>::duration(const std::chrono::duration<_Rep, _Period>&)[m[Kâ€™
[2.214s]   338 |    constexpr [01;36m[Kduration[m[K(const duration<_Rep2, _Period2>& __d)
[2.214s]       |              [01;36m[K^~~~~~~~[m[K
[2.215s] [01m[K/usr/include/c++/9/chrono:338:14:[m[K [01;36m[Knote: [m[K  template argument deduction/substitution failed:
[2.215s] [01m[K/home/xcy/ros2_ws/src/cpp_topic/src/cpp_sub_spiral.cpp:16:67:[m[K [01;36m[Knote: [m[K  mismatched types â€˜[01m[Kconst std::chrono::duration<_Rep1, _Period1>[m[Kâ€™ and â€˜[01m[Kdouble[m[Kâ€™
[2.215s]    16 |         timer_ = this->create_wall_timer(std::chrono::seconds(0.33[01;36m[K)[m[K, std::bind(&MinimalSubscriber::timer_callback, this));
[2.215s]       |                                                                   [01;36m[K^[m[K
[2.215s] In file included from [01m[K/usr/include/c++/9/mutex:39[m[K,
[2.215s]                  from [01m[K/usr/include/c++/9/future:38[m[K,
[2.215s]                  from [01m[K/opt/ros/foxy/include/rclcpp/executors.hpp:18[m[K,
[2.215s]                  from [01m[K/opt/ros/foxy/include/rclcpp/rclcpp.hpp:146[m[K,
[2.215s]                  from [01m[K/home/xcy/ros2_ws/src/cpp_topic/src/cpp_sub_spiral.cpp:2[m[K:
[2.215s] [01m[K/usr/include/c++/9/chrono:331:23:[m[K [01;36m[Knote: [m[Kcandidate: â€˜[01m[Ktemplate<class _Rep2, class> constexpr std::chrono::duration<_Rep, _Period>::duration(const _Rep2&)[m[Kâ€™
[2.215s]   331 |    constexpr explicit [01;36m[Kduration[m[K(const _Rep2& __rep)
[2.216s]       |                       [01;36m[K^~~~~~~~[m[K
[2.216s] [01m[K/usr/include/c++/9/chrono:331:23:[m[K [01;36m[Knote: [m[K  template argument deduction/substitution failed:
[2.216s] In file included from [01m[K/usr/include/c++/9/bits/move.h:55[m[K,
[2.216s]                  from [01m[K/usr/include/c++/9/bits/stl_pair.h:59[m[K,
[2.216s]                  from [01m[K/usr/include/c++/9/bits/stl_algobase.h:64[m[K,
[2.216s]                  from [01m[K/usr/include/c++/9/memory:62[m[K,
[2.216s]                  from [01m[K/home/xcy/ros2_ws/src/cpp_topic/src/cpp_sub_spiral.cpp:1[m[K:
[2.216s] /usr/include/c++/9/type_traits: In substitution of â€˜[01m[Ktemplate<class ... _Cond> using _Require = typename std::enable_if<std::__and_< <template-parameter-1-1> >::value>::type [with _Cond = {std::is_convertible<const double&, long int>, std::__or_<std::chrono::treat_as_floating_point<long int>, std::__not_<std::chrono::treat_as_floating_point<double> > >}][m[Kâ€™:
[2.216s] [01m[K/usr/include/c++/9/chrono:328:27:[m[K   required from here
[2.216s] [01m[K/usr/include/c++/9/type_traits:2048:11:[m[K [01;31m[Kerror: [m[Kno type named â€˜[01m[Ktype[m[Kâ€™ in â€˜[01m[Kstruct std::enable_if<false, void>[m[Kâ€™
[2.216s]  2048 |     using [01;31m[K_Require[m[K = typename enable_if<__and_<_Cond...>::value>::type;
[2.217s]       |           [01;31m[K^~~~~~~~[m[K
[2.217s] In file included from [01m[K/usr/include/c++/9/mutex:39[m[K,
[2.217s]                  from [01m[K/usr/include/c++/9/future:38[m[K,
[2.217s]                  from [01m[K/opt/ros/foxy/include/rclcpp/executors.hpp:18[m[K,
[2.217s]                  from [01m[K/opt/ros/foxy/include/rclcpp/rclcpp.hpp:146[m[K,
[2.217s]                  from [01m[K/home/xcy/ros2_ws/src/cpp_topic/src/cpp_sub_spiral.cpp:2[m[K:
[2.217s] [01m[K/usr/include/c++/9/chrono:324:2:[m[K [01;36m[Knote: [m[Kcandidate: â€˜[01m[Kconstexpr std::chrono::duration<_Rep, _Period>::duration(const std::chrono::duration<_Rep, _Period>&) [with _Rep = long int; _Period = std::ratio<1>][m[Kâ€™
[2.217s]   324 |  [01;36m[Kduration[m[K(const duration&) = default;
[2.217s]       |  [01;36m[K^~~~~~~~[m[K
[2.218s] [01m[K/usr/include/c++/9/chrono:324:11:[m[K [01;36m[Knote: [m[K  no known conversion for argument 1 from â€˜[01m[Kdouble[m[Kâ€™ to â€˜[01m[Kconst std::chrono::duration<long int>&[m[Kâ€™
[2.218s]   324 |  duration([01;36m[Kconst duration&[m[K) = default;
[2.218s]       |           [01;36m[K^~~~~~~~~~~~~~~[m[K
[2.218s] [01m[K/usr/include/c++/9/chrono:322:12:[m[K [01;36m[Knote: [m[Kcandidate: â€˜[01m[Kstd::chrono::duration<_Rep, _Period>::duration() [with _Rep = long int; _Period = std::ratio<1>][m[Kâ€™
[2.218s]   322 |  constexpr [01;36m[Kduration[m[K() = default;
[2.218s]       |            [01;36m[K^~~~~~~~[m[K
[2.218s] [01m[K/usr/include/c++/9/chrono:322:12:[m[K [01;36m[Knote: [m[K  candidate expects 0 arguments, 1 provided
[2.222s] [01m[K/home/xcy/ros2_ws/src/cpp_topic/src/cpp_sub_spiral.cpp:19:84:[m[K [01;31m[Kerror: [m[Kcannot convert â€˜[01m[Kstd::shared_ptr<onix_backend_messages::msg::StatusData_<std::allocator<void> > >[m[Kâ€™ to â€˜[01m[Kint[m[Kâ€™ in assignment
[2.222s]    19 |         status_data_msg_ = [01;31m[Kstd::make_shared<onix_backend_messages::msg::StatusData>()[m[K;
[2.222s]       |                            [01;31m[K~~~~~~~~~~~~~~~~~~~~~~~~~~~~~~~~~~~~~~~~~~~~~~~~~~~~~~~~^~[m[K
[2.222s]       |                                                                                    [01;31m[K|[m[K
[2.222s]       |                                                                                    [01;31m[Kstd::shared_ptr<onix_backend_messages::msg::StatusData_<std::allocator<void> > >[m[K
[2.224s] [01m[K/home/xcy/ros2_ws/src/cpp_topic/src/cpp_sub_spiral.cpp:[m[K In member function â€˜[01m[Kvoid MinimalSubscriber::topic_callback(onix_backend_messages::msg::SystemConfig_<std::allocator<void> >::SharedPtr)[m[Kâ€™:
[2.224s] [01m[K/home/xcy/ros2_ws/src/cpp_topic/src/cpp_sub_spiral.cpp:26:25:[m[K [01;31m[Kerror: [m[Kbase operand of â€˜[01m[K->[m[Kâ€™ is not a pointer
[2.224s]    26 |         status_data_msg_[01;31m[K->[m[Kmac_address = msg->mac_address;
[2.224s]       |                         [01;31m[K^~[m[K
[2.224s] [01m[K/home/xcy/ros2_ws/src/cpp_topic/src/cpp_sub_spiral.cpp:27:25:[m[K [01;31m[Kerror: [m[Kbase operand of â€˜[01m[K->[m[Kâ€™ is not a pointer
[2.224s]    27 |         status_data_msg_[01;31m[K->[m[Ktime = msg->time;
[2.225s]       |                         [01;31m[K^~[m[K
[2.225s] [01m[K/home/xcy/ros2_ws/src/cpp_topic/src/cpp_sub_spiral.cpp:27:39:[m[K [01;31m[Kerror: [m[Kâ€˜[01m[Kusing element_type = struct onix_backend_messages::msg::SystemConfig_<std::allocator<void> >[m[Kâ€™ {aka â€˜[01m[Kstruct onix_backend_messages::msg::SystemConfig_<std::allocator<void> >[m[Kâ€™} has no member named â€˜[01m[Ktime[m[Kâ€™
[2.225s]    27 |         status_data_msg_->time = msg->[01;31m[Ktime[m[K;
[2.225s]       |                                       [01;31m[K^~~~[m[K
[2.225s] [01m[K/home/xcy/ros2_ws/src/cpp_topic/src/cpp_sub_spiral.cpp:28:25:[m[K [01;31m[Kerror: [m[Kbase operand of â€˜[01m[K->[m[Kâ€™ is not a pointer
[2.225s]    28 |         status_data_msg_[01;31m[K->[m[Kcontroller_voltage = msg->controller_voltage;
[2.225s]       |                         [01;31m[K^~[m[K
[2.225s] [01m[K/home/xcy/ros2_ws/src/cpp_topic/src/cpp_sub_spiral.cpp:29:25:[m[K [01;31m[Kerror: [m[Kbase operand of â€˜[01m[K->[m[Kâ€™ is not a pointer
[2.225s]    29 |         status_data_msg_[01;31m[K->[m[Ktotal_time = msg->total_time;
[2.225s]       |                         [01;31m[K^~[m[K
[2.225s] [01m[K/home/xcy/ros2_ws/src/cpp_topic/src/cpp_sub_spiral.cpp:29:45:[m[K [01;31m[Kerror: [m[Kâ€˜[01m[Kusing element_type = struct onix_backend_messages::msg::SystemConfig_<std::allocator<void> >[m[Kâ€™ {aka â€˜[01m[Kstruct onix_backend_messages::msg::SystemConfig_<std::allocator<void> >[m[Kâ€™} has no member named â€˜[01m[Ktotal_time[m[Kâ€™; did you mean â€˜[01m[Ktotal_run_time[m[Kâ€™?
[2.225s]    29 |         status_data_msg_->total_time = msg->[01;31m[Ktotal_time[m[K;
[2.225s]       |                                             [01;31m[K^~~~~~~~~~[m[K
[2.225s]       |                                             [32m[Ktotal_run_time[m[K
[2.225s] [01m[K/home/xcy/ros2_ws/src/cpp_topic/src/cpp_sub_spiral.cpp:30:25:[m[K [01;31m[Kerror: [m[Kbase operand of â€˜[01m[K->[m[Kâ€™ is not a pointer
[2.226s]    30 |         status_data_msg_[01;31m[K->[m[Kcontroller_temp = msg->controller_temp;
[2.226s]       |                         [01;31m[K^~[m[K
[2.226s] [01m[K/home/xcy/ros2_ws/src/cpp_topic/src/cpp_sub_spiral.cpp:31:25:[m[K [01;31m[Kerror: [m[Kbase operand of â€˜[01m[K->[m[Kâ€™ is not a pointer
[2.226s]    31 |         status_data_msg_[01;31m[K->[m[Kssid = msg->ssid;
[2.226s]       |                         [01;31m[K^~[m[K
[2.226s] [01m[K/home/xcy/ros2_ws/src/cpp_topic/src/cpp_sub_spiral.cpp:32:25:[m[K [01;31m[Kerror: [m[Kbase operand of â€˜[01m[K->[m[Kâ€™ is not a pointer
[2.226s]    32 |         status_data_msg_[01;31m[K->[m[Krssi = msg->rssi;
[2.226s]       |                         [01;31m[K^~[m[K
[3.610s] make[2]: *** [CMakeFiles/cpp_sub_spiral.dir/build.make:63: CMakeFiles/cpp_sub_spiral.dir/src/cpp_sub_spiral.cpp.o] Error 1
[3.610s] make[1]: *** [CMakeFiles/Makefile2:80: CMakeFiles/cpp_sub_spiral.dir/all] Error 2
[3.610s] make: *** [Makefile:141: all] Error 2
[3.612s] Invoked command in '/home/xcy/ros2_ws/build/cpp_topic' returned '2': CMAKE_PREFIX_PATH=${CMAKE_PREFIX_PATH}:/home/xcy/ros2_ws3/install/py_topic:/opt/ros/foxy /usr/bin/cmake --build /home/xcy/ros2_ws/build/cpp_topic -- -j8 -l8
