[01m[K/home/xcy/ros2_ws/src/cpp_topic/src/cpp_sub_spiral.cpp:43:11:[m[K [01;31m[Kerror: [m[Kexpected â€˜[01m[K;[m[Kâ€™ at end of member declaration
   43 |     float [01;31m[Kodom_controller_temp[m[K
      |           [01;31m[K^~~~~~~~~~~~~~~~~~~~[m[K
      |                               [32m[K;[m[K
[01m[K/home/xcy/ros2_ws/src/cpp_topic/src/cpp_sub_spiral.cpp:44:11:[m[K [01;31m[Kerror: [m[Kexpected â€˜[01m[K;[m[Kâ€™ at end of member declaration
   44 |     float [01;31m[Kodom_controller_voltage[m[K
      |           [01;31m[K^~~~~~~~~~~~~~~~~~~~~~~[m[K
      |                                  [32m[K;[m[K
[01m[K/home/xcy/ros2_ws/src/cpp_topic/src/cpp_sub_spiral.cpp:[m[K In member function â€˜[01m[Kvoid CombinedSubscriber::timer_callback()[m[Kâ€™:
[01m[K/home/xcy/ros2_ws/src/cpp_topic/src/cpp_sub_spiral.cpp:186:75:[m[K [01;31m[Kerror: [m[Kexpected â€˜[01m[K;[m[Kâ€™ before â€˜[01m[K,[m[Kâ€™ token
  186 |                 g_combined_data.odom_time, g_combined_data.total_run_time)[01;31m[K,[m[K
      |                                                                           [01;31m[K^[m[K
[01m[K/home/xcy/ros2_ws/src/cpp_topic/src/cpp_sub_spiral.cpp:186:75:[m[K [01;31m[Kerror: [m[Kexpected primary-expression before â€˜[01m[K,[m[Kâ€™ token
make[2]: *** [CMakeFiles/cpp_sub_spiral.dir/build.make:63: CMakeFiles/cpp_sub_spiral.dir/src/cpp_sub_spiral.cpp.o] Error 1
make[1]: *** [CMakeFiles/Makefile2:78: CMakeFiles/cpp_sub_spiral.dir/all] Error 2
make: *** [Makefile:141: all] Error 2
