[01m[K/home/xcy/ros2_ws/src/cpp_topic/src/robot_motion_sub.cpp:10:23:[m[K [01;31m[Kerror: [m[KISO C++ forbids declaration of â€˜[01m[KMinimalSubscriber[m[Kâ€™ with no type [[01;31m[K-fpermissive[m[K]
   10 |     MinimalSubscriber([01;31m[K)[m[K
      |                       [01;31m[K^[m[K
[01m[K/home/xcy/ros2_ws/src/cpp_topic/src/robot_motion_sub.cpp:[m[K In member function â€˜[01m[Kint LocationSubscriber::MinimalSubscriber()[m[Kâ€™:
[01m[K/home/xcy/ros2_ws/src/cpp_topic/src/robot_motion_sub.cpp:11:11:[m[K [01;31m[Kerror: [m[Konly constructors take member initializers
   11 |         : [01;31m[KNode[m[K("motion_minimal_publisher")
      |           [01;31m[K^~~~[m[K
[01m[K/home/xcy/ros2_ws/src/cpp_topic/src/robot_motion_sub.cpp:15:38:[m[K [01;31m[Kerror: [m[Kâ€˜[01m[KMinimalSubscriber[m[Kâ€™ is not a class, namespace, or enumeration
   15 |             "motion", 10, std::bind(&[01;31m[KMinimalSubscriber[m[K::topic_callback, this, std::placeholders::_1));
      |                                      [01;31m[K^~~~~~~~~~~~~~~~~[m[K
[01m[K/home/xcy/ros2_ws/src/cpp_topic/src/robot_motion_sub.cpp:22:36:[m[K [01;31m[Kerror: [m[Kâ€˜[01m[KMinimalSubscriber[m[Kâ€™ is not a class, namespace, or enumeration
   22 |                         std::bind(&[01;31m[KMinimalSubscriber[m[K::timer_callback, this));
      |                                    [01;31m[K^~~~~~~~~~~~~~~~~[m[K
[01m[K/home/xcy/ros2_ws/src/cpp_topic/src/robot_motion_sub.cpp:24:5:[m[K [01;35m[Kwarning: [m[Kno return statement in function returning non-void [[01;35m[K-Wreturn-type[m[K]
   24 |     [01;35m[K}[m[K
      |     [01;35m[K^[m[K
[01m[K/home/xcy/ros2_ws/src/cpp_topic/src/robot_motion_sub.cpp:[m[K In function â€˜[01m[Kint main(int, char**)[m[Kâ€™:
[01m[K/home/xcy/ros2_ws/src/cpp_topic/src/robot_motion_sub.cpp:71:35:[m[K [01;31m[Kerror: [m[Kâ€˜[01m[KMinimalSubscriber[m[Kâ€™ was not declared in this scope
   71 |     rclcpp::spin(std::make_shared<[01;31m[KMinimalSubscriber[m[K>());
      |                                   [01;31m[K^~~~~~~~~~~~~~~~~[m[K
[01m[K/home/xcy/ros2_ws/src/cpp_topic/src/robot_motion_sub.cpp:71:54:[m[K [01;31m[Kerror: [m[Kno matching function for call to â€˜[01m[Kmake_shared<<expression error> >()[m[Kâ€™
   71 |     rclcpp::spin(std::make_shared<MinimalSubscriber>([01;31m[K)[m[K);
      |                                                      [01;31m[K^[m[K
In file included from [01m[K/usr/include/c++/9/memory:81[m[K,
                 from [01m[K/home/xcy/ros2_ws/src/cpp_topic/src/robot_motion_sub.cpp:1[m[K:
[01m[K/usr/include/c++/9/bits/shared_ptr.h:714:5:[m[K [01;36m[Knote: [m[Kcandidate: â€˜[01m[Ktemplate<class _Tp, class ... _Args> std::shared_ptr<_Tp> std::make_shared(_Args&& ...)[m[Kâ€™
  714 |     [01;36m[Kmake_shared[m[K(_Args&&... __args)
      |     [01;36m[K^~~~~~~~~~~[m[K
[01m[K/usr/include/c++/9/bits/shared_ptr.h:714:5:[m[K [01;36m[Knote: [m[K  template argument deduction/substitution failed:
[01m[K/home/xcy/ros2_ws/src/cpp_topic/src/robot_motion_sub.cpp:71:54:[m[K [01;31m[Kerror: [m[Ktemplate argument 1 is invalid
   71 |     rclcpp::spin(std::make_shared<MinimalSubscriber>([01;31m[K)[m[K);
      |                                                      [01;31m[K^[m[K
make[2]: *** [CMakeFiles/robot_motion_sub.dir/build.make:63: CMakeFiles/robot_motion_sub.dir/src/robot_motion_sub.cpp.o] Error 1
make[1]: *** [CMakeFiles/Makefile2:82: CMakeFiles/robot_motion_sub.dir/all] Error 2
make[1]: *** Waiting for unfinished jobs....
make: *** [Makefile:141: all] Error 2
