[0.182s] Invoking command in '/home/xcy/ros2_ws/build/cpp_topic': CMAKE_PREFIX_PATH=${CMAKE_PREFIX_PATH}:/home/xcy/ros2_ws3/install/py_topic:/opt/ros/foxy /usr/bin/cmake --build /home/xcy/ros2_ws/build/cpp_topic -- -j8 -l8
[0.217s] [35m[1mScanning dependencies of target cpp_sub_spiral[0m
[0.218s] [35m[1mScanning dependencies of target robot_motion_sub[0m
[0.241s] [ 33%] Built target cpp_pub_spiral
[0.247s] [ 50%] [32mBuilding CXX object CMakeFiles/cpp_sub_spiral.dir/src/cpp_sub_spiral.cpp.o[0m
[0.251s] [ 66%] [32mBuilding CXX object CMakeFiles/robot_motion_sub.dir/src/robot_motion_sub.cpp.o[0m
[1.838s] [01m[K/home/xcy/ros2_ws/src/cpp_topic/src/robot_motion_sub.cpp:10:23:[m[K [01;31m[Kerror: [m[KISO C++ forbids declaration of â€˜[01m[KMinimalSubscriber[m[Kâ€™ with no type [[01;31m[K-fpermissive[m[K]
[1.838s]    10 |     MinimalSubscriber([01;31m[K)[m[K
[1.838s]       |                       [01;31m[K^[m[K
[1.856s] [01m[K/home/xcy/ros2_ws/src/cpp_topic/src/robot_motion_sub.cpp:[m[K In member function â€˜[01m[Kint LocationSubscriber::MinimalSubscriber()[m[Kâ€™:
[1.856s] [01m[K/home/xcy/ros2_ws/src/cpp_topic/src/robot_motion_sub.cpp:11:11:[m[K [01;31m[Kerror: [m[Konly constructors take member initializers
[1.856s]    11 |         : [01;31m[KNode[m[K("motion_minimal_publisher")
[1.856s]       |           [01;31m[K^~~~[m[K
[1.856s] [01m[K/home/xcy/ros2_ws/src/cpp_topic/src/robot_motion_sub.cpp:15:38:[m[K [01;31m[Kerror: [m[Kâ€˜[01m[KMinimalSubscriber[m[Kâ€™ is not a class, namespace, or enumeration
[1.856s]    15 |             "motion", 10, std::bind(&[01;31m[KMinimalSubscriber[m[K::topic_callback, this, std::placeholders::_1));
[1.856s]       |                                      [01;31m[K^~~~~~~~~~~~~~~~~[m[K
[1.857s] [01m[K/home/xcy/ros2_ws/src/cpp_topic/src/robot_motion_sub.cpp:22:36:[m[K [01;31m[Kerror: [m[Kâ€˜[01m[KMinimalSubscriber[m[Kâ€™ is not a class, namespace, or enumeration
[1.857s]    22 |                         std::bind(&[01;31m[KMinimalSubscriber[m[K::timer_callback, this));
[1.857s]       |                                    [01;31m[K^~~~~~~~~~~~~~~~~[m[K
[1.857s] [01m[K/home/xcy/ros2_ws/src/cpp_topic/src/robot_motion_sub.cpp:24:5:[m[K [01;35m[Kwarning: [m[Kno return statement in function returning non-void [[01;35m[K-Wreturn-type[m[K]
[1.857s]    24 |     [01;35m[K}[m[K
[1.857s]       |     [01;35m[K^[m[K
[1.864s] [01m[K/home/xcy/ros2_ws/src/cpp_topic/src/robot_motion_sub.cpp:[m[K In function â€˜[01m[Kint main(int, char**)[m[Kâ€™:
[1.864s] [01m[K/home/xcy/ros2_ws/src/cpp_topic/src/robot_motion_sub.cpp:71:35:[m[K [01;31m[Kerror: [m[Kâ€˜[01m[KMinimalSubscriber[m[Kâ€™ was not declared in this scope
[1.864s]    71 |     rclcpp::spin(std::make_shared<[01;31m[KMinimalSubscriber[m[K>());
[1.865s]       |                                   [01;31m[K^~~~~~~~~~~~~~~~~[m[K
[1.865s] [01m[K/home/xcy/ros2_ws/src/cpp_topic/src/robot_motion_sub.cpp:71:54:[m[K [01;31m[Kerror: [m[Kno matching function for call to â€˜[01m[Kmake_shared<<expression error> >()[m[Kâ€™
[1.865s]    71 |     rclcpp::spin(std::make_shared<MinimalSubscriber>([01;31m[K)[m[K);
[1.865s]       |                                                      [01;31m[K^[m[K
[1.865s] In file included from [01m[K/usr/include/c++/9/memory:81[m[K,
[1.865s]                  from [01m[K/home/xcy/ros2_ws/src/cpp_topic/src/robot_motion_sub.cpp:1[m[K:
[1.865s] [01m[K/usr/include/c++/9/bits/shared_ptr.h:714:5:[m[K [01;36m[Knote: [m[Kcandidate: â€˜[01m[Ktemplate<class _Tp, class ... _Args> std::shared_ptr<_Tp> std::make_shared(_Args&& ...)[m[Kâ€™
[1.865s]   714 |     [01;36m[Kmake_shared[m[K(_Args&&... __args)
[1.866s]       |     [01;36m[K^~~~~~~~~~~[m[K
[1.866s] [01m[K/usr/include/c++/9/bits/shared_ptr.h:714:5:[m[K [01;36m[Knote: [m[K  template argument deduction/substitution failed:
[1.866s] [01m[K/home/xcy/ros2_ws/src/cpp_topic/src/robot_motion_sub.cpp:71:54:[m[K [01;31m[Kerror: [m[Ktemplate argument 1 is invalid
[1.866s]    71 |     rclcpp::spin(std::make_shared<MinimalSubscriber>([01;31m[K)[m[K);
[1.866s]       |                                                      [01;31m[K^[m[K
[2.445s] make[2]: *** [CMakeFiles/robot_motion_sub.dir/build.make:63: CMakeFiles/robot_motion_sub.dir/src/robot_motion_sub.cpp.o] Error 1
[2.445s] make[1]: *** [CMakeFiles/Makefile2:82: CMakeFiles/robot_motion_sub.dir/all] Error 2
[2.445s] make[1]: *** Waiting for unfinished jobs....
[7.723s] [ 83%] [32m[1mLinking CXX executable cpp_sub_spiral[0m
[8.046s] [ 83%] Built target cpp_sub_spiral
[8.047s] make: *** [Makefile:141: all] Error 2
[8.048s] Invoked command in '/home/xcy/ros2_ws/build/cpp_topic' returned '2': CMAKE_PREFIX_PATH=${CMAKE_PREFIX_PATH}:/home/xcy/ros2_ws3/install/py_topic:/opt/ros/foxy /usr/bin/cmake --build /home/xcy/ros2_ws/build/cpp_topic -- -j8 -l8
