[0.182s] Invoking command in '/home/xcy/ros2_ws/build/cpp_topic': CMAKE_PREFIX_PATH=${CMAKE_PREFIX_PATH}:/home/xcy/ros2_ws3/install/py_topic:/opt/ros/foxy /usr/bin/cmake --build /home/xcy/ros2_ws/build/cpp_topic -- -j8 -l8
[0.216s] [35m[1mScanning dependencies of target cpp_sub_spiral[0m
[0.232s] [ 50%] Built target cpp_pub_spiral
[0.246s] [ 75%] [32mBuilding CXX object CMakeFiles/cpp_sub_spiral.dir/src/cpp_sub_spiral.cpp.o[0m
[1.640s] [01m[K/home/xcy/ros2_ws/src/cpp_topic/src/cpp_sub_spiral.cpp:[m[K In constructor â€˜[01m[KMinimalSubscriber::MinimalSubscriber()[m[Kâ€™:
[1.640s] [01m[K/home/xcy/ros2_ws/src/cpp_topic/src/cpp_sub_spiral.cpp:16:67:[m[K [01;31m[Kerror: [m[Kno matching function for call to â€˜[01m[Kstd::chrono::duration<long int>::duration(double)[m[Kâ€™
[1.640s]    16 |         timer_ = this->create_wall_timer(std::chrono::seconds(0.33[01;31m[K)[m[K, std::bind(&MinimalSubscriber::timer_callback, this));
[1.640s]       |                                                                   [01;31m[K^[m[K
[1.640s] In file included from [01m[K/usr/include/c++/9/mutex:39[m[K,
[1.640s]                  from [01m[K/usr/include/c++/9/future:38[m[K,
[1.641s]                  from [01m[K/opt/ros/foxy/include/rclcpp/executors.hpp:18[m[K,
[1.641s]                  from [01m[K/opt/ros/foxy/include/rclcpp/rclcpp.hpp:146[m[K,
[1.641s]                  from [01m[K/home/xcy/ros2_ws/src/cpp_topic/src/cpp_sub_spiral.cpp:2[m[K:
[1.641s] [01m[K/usr/include/c++/9/chrono:338:14:[m[K [01;36m[Knote: [m[Kcandidate: â€˜[01m[Ktemplate<class _Rep2, class _Period2, class> constexpr std::chrono::duration<_Rep, _Period>::duration(const std::chrono::duration<_Rep, _Period>&)[m[Kâ€™
[1.641s]   338 |    constexpr [01;36m[Kduration[m[K(const duration<_Rep2, _Period2>& __d)
[1.641s]       |              [01;36m[K^~~~~~~~[m[K
[1.641s] [01m[K/usr/include/c++/9/chrono:338:14:[m[K [01;36m[Knote: [m[K  template argument deduction/substitution failed:
[1.641s] [01m[K/home/xcy/ros2_ws/src/cpp_topic/src/cpp_sub_spiral.cpp:16:67:[m[K [01;36m[Knote: [m[K  mismatched types â€˜[01m[Kconst std::chrono::duration<_Rep1, _Period1>[m[Kâ€™ and â€˜[01m[Kdouble[m[Kâ€™
[1.642s]    16 |         timer_ = this->create_wall_timer(std::chrono::seconds(0.33[01;36m[K)[m[K, std::bind(&MinimalSubscriber::timer_callback, this));
[1.642s]       |                                                                   [01;36m[K^[m[K
[1.642s] In file included from [01m[K/usr/include/c++/9/mutex:39[m[K,
[1.642s]                  from [01m[K/usr/include/c++/9/future:38[m[K,
[1.642s]                  from [01m[K/opt/ros/foxy/include/rclcpp/executors.hpp:18[m[K,
[1.642s]                  from [01m[K/opt/ros/foxy/include/rclcpp/rclcpp.hpp:146[m[K,
[1.642s]                  from [01m[K/home/xcy/ros2_ws/src/cpp_topic/src/cpp_sub_spiral.cpp:2[m[K:
[1.643s] [01m[K/usr/include/c++/9/chrono:331:23:[m[K [01;36m[Knote: [m[Kcandidate: â€˜[01m[Ktemplate<class _Rep2, class> constexpr std::chrono::duration<_Rep, _Period>::duration(const _Rep2&)[m[Kâ€™
[1.643s]   331 |    constexpr explicit [01;36m[Kduration[m[K(const _Rep2& __rep)
[1.643s]       |                       [01;36m[K^~~~~~~~[m[K
[1.643s] [01m[K/usr/include/c++/9/chrono:331:23:[m[K [01;36m[Knote: [m[K  template argument deduction/substitution failed:
[1.643s] In file included from [01m[K/usr/include/c++/9/bits/move.h:55[m[K,
[1.643s]                  from [01m[K/usr/include/c++/9/bits/stl_pair.h:59[m[K,
[1.643s]                  from [01m[K/usr/include/c++/9/bits/stl_algobase.h:64[m[K,
[1.643s]                  from [01m[K/usr/include/c++/9/memory:62[m[K,
[1.644s]                  from [01m[K/home/xcy/ros2_ws/src/cpp_topic/src/cpp_sub_spiral.cpp:1[m[K:
[1.644s] /usr/include/c++/9/type_traits: In substitution of â€˜[01m[Ktemplate<class ... _Cond> using _Require = typename std::enable_if<std::__and_< <template-parameter-1-1> >::value>::type [with _Cond = {std::is_convertible<const double&, long int>, std::__or_<std::chrono::treat_as_floating_point<long int>, std::__not_<std::chrono::treat_as_floating_point<double> > >}][m[Kâ€™:
[1.644s] [01m[K/usr/include/c++/9/chrono:328:27:[m[K   required from here
[1.644s] [01m[K/usr/include/c++/9/type_traits:2048:11:[m[K [01;31m[Kerror: [m[Kno type named â€˜[01m[Ktype[m[Kâ€™ in â€˜[01m[Kstruct std::enable_if<false, void>[m[Kâ€™
[1.644s]  2048 |     using [01;31m[K_Require[m[K = typename enable_if<__and_<_Cond...>::value>::type;
[1.644s]       |           [01;31m[K^~~~~~~~[m[K
[1.644s] In file included from [01m[K/usr/include/c++/9/mutex:39[m[K,
[1.644s]                  from [01m[K/usr/include/c++/9/future:38[m[K,
[1.645s]                  from [01m[K/opt/ros/foxy/include/rclcpp/executors.hpp:18[m[K,
[1.645s]                  from [01m[K/opt/ros/foxy/include/rclcpp/rclcpp.hpp:146[m[K,
[1.645s]                  from [01m[K/home/xcy/ros2_ws/src/cpp_topic/src/cpp_sub_spiral.cpp:2[m[K:
[1.645s] [01m[K/usr/include/c++/9/chrono:324:2:[m[K [01;36m[Knote: [m[Kcandidate: â€˜[01m[Kconstexpr std::chrono::duration<_Rep, _Period>::duration(const std::chrono::duration<_Rep, _Period>&) [with _Rep = long int; _Period = std::ratio<1>][m[Kâ€™
[1.645s]   324 |  [01;36m[Kduration[m[K(const duration&) = default;
[1.645s]       |  [01;36m[K^~~~~~~~[m[K
[1.645s] [01m[K/usr/include/c++/9/chrono:324:11:[m[K [01;36m[Knote: [m[K  no known conversion for argument 1 from â€˜[01m[Kdouble[m[Kâ€™ to â€˜[01m[Kconst std::chrono::duration<long int>&[m[Kâ€™
[1.645s]   324 |  duration([01;36m[Kconst duration&[m[K) = default;
[1.646s]       |           [01;36m[K^~~~~~~~~~~~~~~[m[K
[1.646s] [01m[K/usr/include/c++/9/chrono:322:12:[m[K [01;36m[Knote: [m[Kcandidate: â€˜[01m[Kstd::chrono::duration<_Rep, _Period>::duration() [with _Rep = long int; _Period = std::ratio<1>][m[Kâ€™
[1.646s]   322 |  constexpr [01;36m[Kduration[m[K() = default;
[1.646s]       |            [01;36m[K^~~~~~~~[m[K
[1.646s] [01m[K/usr/include/c++/9/chrono:322:12:[m[K [01;36m[Knote: [m[K  candidate expects 0 arguments, 1 provided
[1.650s] [01m[K/home/xcy/ros2_ws/src/cpp_topic/src/cpp_sub_spiral.cpp:[m[K In member function â€˜[01m[Kvoid MinimalSubscriber::topic_callback(onix_backend_messages::msg::SystemConfig_<std::allocator<void> >::SharedPtr)[m[Kâ€™:
[1.650s] [01m[K/home/xcy/ros2_ws/src/cpp_topic/src/cpp_sub_spiral.cpp:27:39:[m[K [01;31m[Kerror: [m[Kâ€˜[01m[Kusing element_type = struct onix_backend_messages::msg::SystemConfig_<std::allocator<void> >[m[Kâ€™ {aka â€˜[01m[Kstruct onix_backend_messages::msg::SystemConfig_<std::allocator<void> >[m[Kâ€™} has no member named â€˜[01m[Ktime[m[Kâ€™
[1.651s]    27 |         status_data_msg_->time = msg->[01;31m[Ktime[m[K;
[1.651s]       |                                       [01;31m[K^~~~[m[K
[1.651s] [01m[K/home/xcy/ros2_ws/src/cpp_topic/src/cpp_sub_spiral.cpp:28:53:[m[K [01;31m[Kerror: [m[Kcannot convert â€˜[01m[Konix_backend_messages::msg::SystemConfig_<std::allocator<void> >::_controller_voltage_type[m[Kâ€™ {aka â€˜[01m[Kstd::__cxx11::basic_string<char>[m[Kâ€™} to â€˜[01m[Konix_backend_messages::msg::StatusData_<std::allocator<void> >::_controller_voltage_type[m[Kâ€™ {aka â€˜[01m[Klong int[m[Kâ€™} in assignment
[1.651s]    28 |         status_data_msg_->controller_voltage = [01;31m[Kmsg->controller_voltage[m[K;
[1.651s]       |                                                [01;31m[K~~~~~^~~~~~~~~~~~~~~~~~[m[K
[1.651s]       |                                                     [01;31m[K|[m[K
[1.651s]       |                                                     [01;31m[Konix_backend_messages::msg::SystemConfig_<std::allocator<void> >::_controller_voltage_type {aka std::__cxx11::basic_string<char>}[m[K
[1.652s] [01m[K/home/xcy/ros2_ws/src/cpp_topic/src/cpp_sub_spiral.cpp:29:45:[m[K [01;31m[Kerror: [m[Kâ€˜[01m[Kusing element_type = struct onix_backend_messages::msg::SystemConfig_<std::allocator<void> >[m[Kâ€™ {aka â€˜[01m[Kstruct onix_backend_messages::msg::SystemConfig_<std::allocator<void> >[m[Kâ€™} has no member named â€˜[01m[Ktotal_time[m[Kâ€™; did you mean â€˜[01m[Ktotal_run_time[m[Kâ€™?
[1.652s]    29 |         status_data_msg_->total_time = msg->[01;31m[Ktotal_time[m[K;
[1.652s]       |                                             [01;31m[K^~~~~~~~~~[m[K
[1.652s]       |                                             [32m[Ktotal_run_time[m[K
[1.652s] [01m[K/home/xcy/ros2_ws/src/cpp_topic/src/cpp_sub_spiral.cpp:32:39:[m[K [01;31m[Kerror: [m[Kcannot convert â€˜[01m[Konix_backend_messages::msg::SystemConfig_<std::allocator<void> >::_rssi_type[m[Kâ€™ {aka â€˜[01m[Kstd::__cxx11::basic_string<char>[m[Kâ€™} to â€˜[01m[Konix_backend_messages::msg::StatusData_<std::allocator<void> >::_rssi_type[m[Kâ€™ {aka â€˜[01m[Klong int[m[Kâ€™} in assignment
[1.652s]    32 |         status_data_msg_->rssi = [01;31m[Kmsg->rssi[m[K;
[1.652s]       |                                  [01;31m[K~~~~~^~~~[m[K
[1.652s]       |                                       [01;31m[K|[m[K
[1.652s]       |                                       [01;31m[Konix_backend_messages::msg::SystemConfig_<std::allocator<void> >::_rssi_type {aka std::__cxx11::basic_string<char>}[m[K
[3.029s] make[2]: *** [CMakeFiles/cpp_sub_spiral.dir/build.make:63: CMakeFiles/cpp_sub_spiral.dir/src/cpp_sub_spiral.cpp.o] Error 1
[3.029s] make[1]: *** [CMakeFiles/Makefile2:80: CMakeFiles/cpp_sub_spiral.dir/all] Error 2
[3.029s] make: *** [Makefile:141: all] Error 2
[3.031s] Invoked command in '/home/xcy/ros2_ws/build/cpp_topic' returned '2': CMAKE_PREFIX_PATH=${CMAKE_PREFIX_PATH}:/home/xcy/ros2_ws3/install/py_topic:/opt/ros/foxy /usr/bin/cmake --build /home/xcy/ros2_ws/build/cpp_topic -- -j8 -l8
