[0.183s] Invoking command in '/home/xcy/ros2_ws/build/cpp_topic': CMAKE_PREFIX_PATH=${CMAKE_PREFIX_PATH}:/home/xcy/ros2_ws3/install/py_topic:/opt/ros/foxy /usr/bin/cmake --build /home/xcy/ros2_ws/build/cpp_topic -- -j8 -l8
[0.223s] [35m[1mScanning dependencies of target cpp_sub_spiral[0m
[0.240s] [ 33%] Built target cpp_pub_spiral
[0.243s] [ 66%] Built target robot_motion_sub
[0.251s] [ 83%] [32mBuilding CXX object CMakeFiles/cpp_sub_spiral.dir/src/cpp_sub_spiral.cpp.o[0m
[1.724s] [01m[K/home/xcy/ros2_ws/src/cpp_topic/src/cpp_sub_spiral.cpp:[m[K In function â€˜[01m[Kint main(int, char**)[m[Kâ€™:
[1.724s] [01m[K/home/xcy/ros2_ws/src/cpp_topic/src/cpp_sub_spiral.cpp:103:18:[m[K [01;31m[Kerror: [m[Kâ€˜[01m[Kminimal_publisher[m[Kâ€™ was not declared in this scope
[1.724s]   103 |     rclcpp::spin([01;31m[Kminimal_publisher[m[K);
[1.724s]       |                  [01;31m[K^~~~~~~~~~~~~~~~~[m[K
[1.727s] [01m[K/home/xcy/ros2_ws/src/cpp_topic/src/cpp_sub_spiral.cpp:104:18:[m[K [01;31m[Kerror: [m[Kâ€˜[01m[Kmotion_minimal_publisher[m[Kâ€™ was not declared in this scope
[1.727s]   104 |     rclcpp::spin([01;31m[Kmotion_minimal_publisher[m[K);
[1.727s]       |                  [01;31m[K^~~~~~~~~~~~~~~~~~~~~~~~[m[K
[3.909s] make[2]: *** [CMakeFiles/cpp_sub_spiral.dir/build.make:63: CMakeFiles/cpp_sub_spiral.dir/src/cpp_sub_spiral.cpp.o] Error 1
[3.909s] make[1]: *** [CMakeFiles/Makefile2:109: CMakeFiles/cpp_sub_spiral.dir/all] Error 2
[3.910s] make: *** [Makefile:141: all] Error 2
[3.912s] Invoked command in '/home/xcy/ros2_ws/build/cpp_topic' returned '2': CMAKE_PREFIX_PATH=${CMAKE_PREFIX_PATH}:/home/xcy/ros2_ws3/install/py_topic:/opt/ros/foxy /usr/bin/cmake --build /home/xcy/ros2_ws/build/cpp_topic -- -j8 -l8
