[0.227s] Invoking command in '/home/xcy/ros2_ws/build/cpp_topic': CMAKE_PREFIX_PATH=${CMAKE_PREFIX_PATH}:/home/xcy/ros2_ws3/install/py_topic:/home/xcy/ros2_ws2/install/py_srvcli:/opt/ros/foxy /usr/bin/cmake --build /home/xcy/ros2_ws/build/cpp_topic -- -j8 -l8
[0.267s] [35m[1mScanning dependencies of target cpp_sub_spiral[0m
[0.291s] [ 50%] [32mBuilding CXX object CMakeFiles/cpp_sub_spiral.dir/src/cpp_sub_spiral.cpp.o[0m
[1.636s] [01m[K/home/xcy/ros2_ws/src/cpp_topic/src/cpp_sub_spiral.cpp:[m[K In member function â€˜[01m[Kvoid CombinedSubscriber::system_config_callback(onix_backend_messages::msg::SystemConfig_<std::allocator<void> >::SharedPtr)[m[Kâ€™:
[1.636s] [01m[K/home/xcy/ros2_ws/src/cpp_topic/src/cpp_sub_spiral.cpp:57:52:[m[K [01;31m[Kerror: [m[Kno matching function for call to â€˜[01m[Kstoll(onix_backend_messages::msg::SystemConfig_<std::allocator<void> >::_rssi_type&)[m[Kâ€™
[1.636s]    57 |         g_combined_data.rssi = std::stoll(msg->rssi[01;31m[K)[m[K;
[1.636s]       |                                                    [01;31m[K^[m[K
[1.637s] In file included from [01m[K/usr/include/c++/9/string:55[m[K,
[1.637s]                  from [01m[K/usr/include/c++/9/stdexcept:39[m[K,
[1.637s]                  from [01m[K/usr/include/c++/9/array:39[m[K,
[1.637s]                  from [01m[K/usr/include/c++/9/tuple:39[m[K,
[1.637s]                  from [01m[K/usr/include/c++/9/bits/unique_ptr.h:37[m[K,
[1.637s]                  from [01m[K/usr/include/c++/9/memory:80[m[K,
[1.637s]                  from [01m[K/home/xcy/ros2_ws/src/cpp_topic/src/cpp_sub_spiral.cpp:1[m[K:
[1.637s] [01m[K/usr/include/c++/9/bits/basic_string.h:6521:3:[m[K [01;36m[Knote: [m[Kcandidate: â€˜[01m[Klong long int std::__cxx11::stoll(const string&, std::size_t*, int)[m[Kâ€™
[1.637s]  6521 |   [01;36m[Kstoll[m[K(const string& __str, size_t* __idx = 0, int __base = 10)
[1.637s]       |   [01;36m[K^~~~~[m[K
[1.637s] [01m[K/usr/include/c++/9/bits/basic_string.h:6521:23:[m[K [01;36m[Knote: [m[K  no known conversion for argument 1 from â€˜[01m[Konix_backend_messages::msg::SystemConfig_<std::allocator<void> >::_rssi_type[m[Kâ€™ {aka â€˜[01m[Klong int[m[Kâ€™} to â€˜[01m[Kconst string&[m[Kâ€™ {aka â€˜[01m[Kconst std::__cxx11::basic_string<char>&[m[Kâ€™}
[1.637s]  6521 |   stoll([01;36m[Kconst string& __str[m[K, size_t* __idx = 0, int __base = 10)
[1.637s]       |         [01;36m[K~~~~~~~~~~~~~~^~~~~[m[K
[1.637s] [01m[K/usr/include/c++/9/bits/basic_string.h:6627:3:[m[K [01;36m[Knote: [m[Kcandidate: â€˜[01m[Klong long int std::__cxx11::stoll(const wstring&, std::size_t*, int)[m[Kâ€™
[1.637s]  6627 |   [01;36m[Kstoll[m[K(const wstring& __str, size_t* __idx = 0, int __base = 10)
[1.637s]       |   [01;36m[K^~~~~[m[K
[1.638s] [01m[K/usr/include/c++/9/bits/basic_string.h:6627:24:[m[K [01;36m[Knote: [m[K  no known conversion for argument 1 from â€˜[01m[Konix_backend_messages::msg::SystemConfig_<std::allocator<void> >::_rssi_type[m[Kâ€™ {aka â€˜[01m[Klong int[m[Kâ€™} to â€˜[01m[Kconst wstring&[m[Kâ€™ {aka â€˜[01m[Kconst std::__cxx11::basic_string<wchar_t>&[m[Kâ€™}
[1.638s]  6627 |   stoll([01;36m[Kconst wstring& __str[m[K, size_t* __idx = 0, int __base = 10)
[1.638s]       |         [01;36m[K~~~~~~~~~~~~~~~^~~~~[m[K
[3.925s] make[2]: *** [CMakeFiles/cpp_sub_spiral.dir/build.make:63: CMakeFiles/cpp_sub_spiral.dir/src/cpp_sub_spiral.cpp.o] Error 1
[3.925s] make[1]: *** [CMakeFiles/Makefile2:78: CMakeFiles/cpp_sub_spiral.dir/all] Error 2
[3.925s] make: *** [Makefile:141: all] Error 2
[3.928s] Invoked command in '/home/xcy/ros2_ws/build/cpp_topic' returned '2': CMAKE_PREFIX_PATH=${CMAKE_PREFIX_PATH}:/home/xcy/ros2_ws3/install/py_topic:/home/xcy/ros2_ws2/install/py_srvcli:/opt/ros/foxy /usr/bin/cmake --build /home/xcy/ros2_ws/build/cpp_topic -- -j8 -l8
