[0.178s] Invoking command in '/home/xcy/ros2_ws/build/cpp_topic': CMAKE_PREFIX_PATH=${CMAKE_PREFIX_PATH}:/home/xcy/ros2_ws3/install/py_topic:/opt/ros/foxy /usr/bin/cmake --build /home/xcy/ros2_ws/build/cpp_topic -- -j8 -l8
[0.212s] [35m[1mScanning dependencies of target cpp_sub_spiral[0m
[0.230s] [ 50%] Built target cpp_pub_spiral
[0.238s] [ 75%] [32mBuilding CXX object CMakeFiles/cpp_sub_spiral.dir/src/cpp_sub_spiral.cpp.o[0m
[1.650s] [01m[K/home/xcy/ros2_ws/src/cpp_topic/src/cpp_sub_spiral.cpp:[m[K In member function â€˜[01m[Kvoid MinimalSubscriber::topic_callback(onix_backend_messages::msg::SystemConfig_<std::allocator<void> >::SharedPtr)[m[Kâ€™:
[1.650s] [01m[K/home/xcy/ros2_ws/src/cpp_topic/src/cpp_sub_spiral.cpp:27:39:[m[K [01;31m[Kerror: [m[Kâ€˜[01m[Kusing element_type = struct onix_backend_messages::msg::SystemConfig_<std::allocator<void> >[m[Kâ€™ {aka â€˜[01m[Kstruct onix_backend_messages::msg::SystemConfig_<std::allocator<void> >[m[Kâ€™} has no member named â€˜[01m[Ktime[m[Kâ€™
[1.650s]    27 |         status_data_msg_->time = msg->[01;31m[Ktime[m[K;
[1.650s]       |                                       [01;31m[K^~~~[m[K
[1.650s] [01m[K/home/xcy/ros2_ws/src/cpp_topic/src/cpp_sub_spiral.cpp:28:53:[m[K [01;31m[Kerror: [m[Kcannot convert â€˜[01m[Konix_backend_messages::msg::SystemConfig_<std::allocator<void> >::_controller_voltage_type[m[Kâ€™ {aka â€˜[01m[Kstd::__cxx11::basic_string<char>[m[Kâ€™} to â€˜[01m[Konix_backend_messages::msg::StatusData_<std::allocator<void> >::_controller_voltage_type[m[Kâ€™ {aka â€˜[01m[Klong int[m[Kâ€™} in assignment
[1.650s]    28 |         status_data_msg_->controller_voltage = [01;31m[Kmsg->controller_voltage[m[K;
[1.650s]       |                                                [01;31m[K~~~~~^~~~~~~~~~~~~~~~~~[m[K
[1.651s]       |                                                     [01;31m[K|[m[K
[1.651s]       |                                                     [01;31m[Konix_backend_messages::msg::SystemConfig_<std::allocator<void> >::_controller_voltage_type {aka std::__cxx11::basic_string<char>}[m[K
[1.651s] [01m[K/home/xcy/ros2_ws/src/cpp_topic/src/cpp_sub_spiral.cpp:29:45:[m[K [01;31m[Kerror: [m[Kâ€˜[01m[Kusing element_type = struct onix_backend_messages::msg::SystemConfig_<std::allocator<void> >[m[Kâ€™ {aka â€˜[01m[Kstruct onix_backend_messages::msg::SystemConfig_<std::allocator<void> >[m[Kâ€™} has no member named â€˜[01m[Ktotal_time[m[Kâ€™; did you mean â€˜[01m[Ktotal_run_time[m[Kâ€™?
[1.651s]    29 |         status_data_msg_->total_time = msg->[01;31m[Ktotal_time[m[K;
[1.651s]       |                                             [01;31m[K^~~~~~~~~~[m[K
[1.651s]       |                                             [32m[Ktotal_run_time[m[K
[1.651s] [01m[K/home/xcy/ros2_ws/src/cpp_topic/src/cpp_sub_spiral.cpp:32:39:[m[K [01;31m[Kerror: [m[Kcannot convert â€˜[01m[Konix_backend_messages::msg::SystemConfig_<std::allocator<void> >::_rssi_type[m[Kâ€™ {aka â€˜[01m[Kstd::__cxx11::basic_string<char>[m[Kâ€™} to â€˜[01m[Konix_backend_messages::msg::StatusData_<std::allocator<void> >::_rssi_type[m[Kâ€™ {aka â€˜[01m[Klong int[m[Kâ€™} in assignment
[1.651s]    32 |         status_data_msg_->rssi = [01;31m[Kmsg->rssi[m[K;
[1.651s]       |                                  [01;31m[K~~~~~^~~~[m[K
[1.652s]       |                                       [01;31m[K|[m[K
[1.652s]       |                                       [01;31m[Konix_backend_messages::msg::SystemConfig_<std::allocator<void> >::_rssi_type {aka std::__cxx11::basic_string<char>}[m[K
[3.051s] make[2]: *** [CMakeFiles/cpp_sub_spiral.dir/build.make:63: CMakeFiles/cpp_sub_spiral.dir/src/cpp_sub_spiral.cpp.o] Error 1
[3.052s] make[1]: *** [CMakeFiles/Makefile2:80: CMakeFiles/cpp_sub_spiral.dir/all] Error 2
[3.052s] make: *** [Makefile:141: all] Error 2
[3.054s] Invoked command in '/home/xcy/ros2_ws/build/cpp_topic' returned '2': CMAKE_PREFIX_PATH=${CMAKE_PREFIX_PATH}:/home/xcy/ros2_ws3/install/py_topic:/opt/ros/foxy /usr/bin/cmake --build /home/xcy/ros2_ws/build/cpp_topic -- -j8 -l8
