[0.184s] Invoking command in '/home/xcy/ros2_ws/build/cpp_topic': CMAKE_PREFIX_PATH=${CMAKE_PREFIX_PATH}:/home/xcy/ros2_ws3/install/py_topic:/opt/ros/foxy /usr/bin/cmake --build /home/xcy/ros2_ws/build/cpp_topic -- -j8 -l8
[0.204s] -- Found ament_cmake: 0.9.12 (/opt/ros/foxy/share/ament_cmake/cmake)
[0.222s] -- Using PYTHON_EXECUTABLE: /usr/bin/python3
[0.362s] -- Override CMake install command with custom implementation using symlinks instead of copying resources
[0.369s] -- Found rclcpp: 2.4.3 (/opt/ros/foxy/share/rclcpp/cmake)
[0.395s] -- Using all available rosidl_typesupport_c: rosidl_typesupport_fastrtps_c;rosidl_typesupport_introspection_c
[0.398s] -- Found rosidl_adapter: 1.3.1 (/opt/ros/foxy/share/rosidl_adapter/cmake)
[0.483s] -- Using all available rosidl_typesupport_cpp: rosidl_typesupport_fastrtps_cpp;rosidl_typesupport_introspection_cpp
[0.525s] -- Found rmw_implementation_cmake: 1.0.4 (/opt/ros/foxy/share/rmw_implementation_cmake/cmake)
[0.527s] -- Using RMW implementation 'rmw_fastrtps_cpp' as default
[0.656s] -- Found geometry_msgs: 2.0.5 (/opt/ros/foxy/share/geometry_msgs/cmake)
[0.686s] -- Found onix_backend_messages: 1.0.0 (/home/xcy/ros2_ws3/install/onix_backend_messages/share/onix_backend_messages/cmake)
[0.745s] -- Configuring done
[0.752s] -- Generating done
[0.753s] -- Build files have been written to: /home/xcy/ros2_ws/build/cpp_topic
[0.776s] [35m[1mScanning dependencies of target cpp_sub_spiral[0m
[0.800s] [ 50%] [32mBuilding CXX object CMakeFiles/cpp_sub_spiral.dir/src/cpp_sub_spiral.cpp.o[0m
[2.115s] [01m[K/home/xcy/ros2_ws/src/cpp_topic/src/cpp_sub_spiral.cpp:[m[K In member function â€˜[01m[Kvoid CombinedSubscriber::timer_callback()[m[Kâ€™:
[2.116s] [01m[K/home/xcy/ros2_ws/src/cpp_topic/src/cpp_sub_spiral.cpp:152:56:[m[K [01;31m[Kerror: [m[Kcannot convert â€˜[01m[Kstd::vector<float>[m[Kâ€™ to â€˜[01m[Konix_backend_messages::msg::StatusData_<std::allocator<void> >::_steer_angles_type[m[Kâ€™ {aka â€˜[01m[Kfloat[m[Kâ€™} in assignment
[2.116s]   152 |         status_data_msg.steer_angles = [01;31m[Kg_combined_data.steer_angles[m[K;
[2.116s]       |                                        [01;31m[K~~~~~~~~~~~~~~~~^~~~~~~~~~~~[m[K
[2.116s]       |                                                        [01;31m[K|[m[K
[2.116s]       |                                                        [01;31m[Kstd::vector<float>[m[K
[2.116s] [01m[K/home/xcy/ros2_ws/src/cpp_topic/src/cpp_sub_spiral.cpp:153:58:[m[K [01;31m[Kerror: [m[Kcannot convert â€˜[01m[Kstd::vector<float>[m[Kâ€™ to â€˜[01m[Konix_backend_messages::msg::StatusData_<std::allocator<void> >::_r_steer_angles_type[m[Kâ€™ {aka â€˜[01m[Kfloat[m[Kâ€™} in assignment
[2.116s]   153 |         status_data_msg.r_steer_angles = [01;31m[Kg_combined_data.r_steer_angles[m[K;
[2.116s]       |                                          [01;31m[K~~~~~~~~~~~~~~~~^~~~~~~~~~~~~~[m[K
[2.116s]       |                                                          [01;31m[K|[m[K
[2.116s]       |                                                          [01;31m[Kstd::vector<float>[m[K
[4.773s] make[2]: *** [CMakeFiles/cpp_sub_spiral.dir/build.make:63: CMakeFiles/cpp_sub_spiral.dir/src/cpp_sub_spiral.cpp.o] Error 1
[4.773s] make[1]: *** [CMakeFiles/Makefile2:78: CMakeFiles/cpp_sub_spiral.dir/all] Error 2
[4.773s] make: *** [Makefile:141: all] Error 2
[4.775s] Invoked command in '/home/xcy/ros2_ws/build/cpp_topic' returned '2': CMAKE_PREFIX_PATH=${CMAKE_PREFIX_PATH}:/home/xcy/ros2_ws3/install/py_topic:/opt/ros/foxy /usr/bin/cmake --build /home/xcy/ros2_ws/build/cpp_topic -- -j8 -l8
