[35m[1mScanning dependencies of target cpp_pub_spiral[0m
[35m[1mScanning dependencies of target cpp_sub_spiral[0m
[ 33%] Built target robot_motion_sub
[ 50%] [32mBuilding CXX object CMakeFiles/cpp_pub_spiral.dir/src/cpp_pub_spiral.cpp.o[0m
[ 66%] [32mBuilding CXX object CMakeFiles/cpp_sub_spiral.dir/src/cpp_sub_spiral.cpp.o[0m
[01m[K/home/xcy/ros2_ws/src/cpp_topic/src/cpp_pub_spiral.cpp:5:10:[m[K [01;31m[Kfatal error: [m[Kcpp_sub_spiral/combined_data.hpp: No such file or directory
    5 | #include [01;31m[K"cpp_sub_spiral/combined_data.hpp"[m[K
      |          [01;31m[K^~~~~~~~~~~~~~~~~~~~~~~~~~~~~~~~~~[m[K
compilation terminated.
make[2]: *** [CMakeFiles/cpp_pub_spiral.dir/build.make:63: CMakeFiles/cpp_pub_spiral.dir/src/cpp_pub_spiral.cpp.o] Error 1
make[1]: *** [CMakeFiles/Makefile2:136: CMakeFiles/cpp_pub_spiral.dir/all] Error 2
make[1]: *** Waiting for unfinished jobs....
[ 83%] [32m[1mLinking CXX executable cpp_sub_spiral[0m
[ 83%] Built target cpp_sub_spiral
make: *** [Makefile:141: all] Error 2
