[35m[1mScanning dependencies of target cpp_pub_spiral[0m
[ 50%] Built target cpp_sub_spiral
[ 75%] [32mBuilding CXX object CMakeFiles/cpp_pub_spiral.dir/src/cpp_pub_spiral.cpp.o[0m
[01m[K/home/xcy/ros2_ws/src/cpp_topic/src/cpp_pub_spiral.cpp:3:10:[m[K [01;31m[Kfatal error: [m[Konix_backend_messages/msg/status_data.hpp: No such file or directory
    3 | #include [01;31m[K"onix_backend_messages/msg/status_data.hpp"[m[K
      |          [01;31m[K^~~~~~~~~~~~~~~~~~~~~~~~~~~~~~~~~~~~~~~~~~~[m[K
compilation terminated.
make[2]: *** [CMakeFiles/cpp_pub_spiral.dir/build.make:63: CMakeFiles/cpp_pub_spiral.dir/src/cpp_pub_spiral.cpp.o] Error 1
make[1]: *** [CMakeFiles/Makefile2:107: CMakeFiles/cpp_pub_spiral.dir/all] Error 2
make: *** [Makefile:141: all] Error 2
